<?xml version="1.0" encoding="UTF-8"?>
<!-- Generated by org.testng.reporters.JUnitReportReporter -->
<testsuite skipped="0" hostname="LAPTOP-16OSS5D2" name="com.myPracTest.abcTest.myTests" tests="1" failures="0" timestamp="25 Jun 2018 06:09:55 GMT" time="7.123" errors="0">
  <testcase name="firsttestcase" time="7.123" classname="com.myPracTest.abcTest.myTests"/>
</testsuite> <!-- com.myPracTest.abcTest.myTests -->
